<?xml version="1.0" encoding="UTF-8"?>
<!-- Generated by org.testng.reporters.JUnitReportReporter -->
<testsuite hostname="BOSL0751720B2" name="org.tests.SampleTest" tests="1" failures="0" timestamp="1 Mar 2017 17:57:11 GMT" time="8.860" errors="0">
  <testcase name="main" time="8.860" classname="org.tests.SampleTest"/>
</testsuite> <!-- org.tests.SampleTest -->
