<?xml version="1.0" encoding="UTF-8"?>
<!-- Generated by org.testng.reporters.JUnitReportReporter -->
<testsuite hostname="BOSL0751720B2" name="org.tests.SampleTest" tests="1" failures="0" timestamp="1 Mar 2017 18:12:02 GMT" time="6.196" errors="0">
  <testcase name="main" time="6.196" classname="org.tests.SampleTest"/>
</testsuite> <!-- org.tests.SampleTest -->
